[2025-04-18T11:24:41.831+0000] {local_task_job_runner.py:123} INFO - ::group::Pre task execution logs
[2025-04-18T11:24:41.914+0000] {taskinstance.py:2614} INFO - Dependencies all met for dep_context=non-requeueable deps ti=<TaskInstance: dbt_etl_pipeline_mart.dbt_marts_core manual__2025-04-18T11:24:40.132661+00:00 [queued]>
[2025-04-18T11:24:41.934+0000] {taskinstance.py:2614} INFO - Dependencies all met for dep_context=requeueable deps ti=<TaskInstance: dbt_etl_pipeline_mart.dbt_marts_core manual__2025-04-18T11:24:40.132661+00:00 [queued]>
[2025-04-18T11:24:41.935+0000] {taskinstance.py:2867} INFO - Starting attempt 1 of 1
[2025-04-18T11:24:41.959+0000] {taskinstance.py:2890} INFO - Executing <Task(BashOperator): dbt_marts_core> on 2025-04-18 11:24:40.132661+00:00
[2025-04-18T11:24:41.975+0000] {logging_mixin.py:190} WARNING - /home/airflow/.local/lib/python3.12/site-packages/airflow/task/task_runner/standard_task_runner.py:70 DeprecationWarning: This process (pid=499) is multi-threaded, use of fork() may lead to deadlocks in the child.
[2025-04-18T11:24:41.972+0000] {standard_task_runner.py:104} INFO - Running: ['airflow', 'tasks', 'run', 'dbt_etl_pipeline_mart', 'dbt_marts_core', 'manual__2025-04-18T11:24:40.132661+00:00', '--job-id', '101', '--raw', '--subdir', 'DAGS_FOLDER/dbt_marts.py', '--cfg-path', '/tmp/tmpnlazko87']
[2025-04-18T11:24:41.976+0000] {standard_task_runner.py:72} INFO - Started process 501 to run task
[2025-04-18T11:24:41.977+0000] {standard_task_runner.py:105} INFO - Job 101: Subtask dbt_marts_core
[2025-04-18T11:24:42.253+0000] {task_command.py:467} INFO - Running <TaskInstance: dbt_etl_pipeline_mart.dbt_marts_core manual__2025-04-18T11:24:40.132661+00:00 [running]> on host 9c8f13362ff5
[2025-04-18T11:24:42.711+0000] {taskinstance.py:3134} INFO - Exporting env vars: AIRFLOW_CTX_DAG_OWNER='azizjon' AIRFLOW_CTX_DAG_ID='dbt_etl_pipeline_mart' AIRFLOW_CTX_TASK_ID='dbt_marts_core' AIRFLOW_CTX_EXECUTION_DATE='2025-04-18T11:24:40.132661+00:00' AIRFLOW_CTX_TRY_NUMBER='1' AIRFLOW_CTX_DAG_RUN_ID='manual__2025-04-18T11:24:40.132661+00:00'
[2025-04-18T11:24:42.712+0000] {taskinstance.py:732} INFO - ::endgroup::
[2025-04-18T11:24:42.728+0000] {subprocess.py:78} INFO - Tmp dir root location: /tmp
[2025-04-18T11:24:42.729+0000] {subprocess.py:88} INFO - Running command: ['/usr/bin/bash', '-c', '\n        export PATH=/home/airflow/.local/bin:$PATH\n        cd /opt/airflow/commerce_dbt\n        dbt run --select marts.core --profiles-dir .\n        ']
[2025-04-18T11:24:42.739+0000] {subprocess.py:99} INFO - Output:
[2025-04-18T11:24:45.575+0000] {subprocess.py:106} INFO - [0m11:24:45  Running with dbt=1.7.0
[2025-04-18T11:24:46.040+0000] {subprocess.py:106} INFO - [0m11:24:46  Registered adapter: postgres=1.7.0
[2025-04-18T11:24:46.657+0000] {subprocess.py:106} INFO - [0m11:24:46  [[33mWARNING[0m]: Configuration paths exist in your dbt_project.yml file which do not apply to any resources.
[2025-04-18T11:24:46.658+0000] {subprocess.py:106} INFO - There are 1 unused configuration paths:
[2025-04-18T11:24:46.659+0000] {subprocess.py:106} INFO - - seeds.initial_dataset
[2025-04-18T11:24:46.714+0000] {subprocess.py:106} INFO - [0m11:24:46  Found 12 models, 1 snapshot, 6 seeds, 43 tests, 6 sources, 0 exposures, 0 metrics, 401 macros, 0 groups, 0 semantic models
[2025-04-18T11:24:46.718+0000] {subprocess.py:106} INFO - [0m11:24:46
[2025-04-18T11:24:47.403+0000] {subprocess.py:106} INFO - [0m11:24:47  Concurrency: 4 threads (target='dev')
[2025-04-18T11:24:47.404+0000] {subprocess.py:106} INFO - [0m11:24:47
[2025-04-18T11:24:47.423+0000] {subprocess.py:106} INFO - [0m11:24:47  1 of 4 START sql table model commerce_core.dim_customers ....................... [RUN]
[2025-04-18T11:24:47.425+0000] {subprocess.py:106} INFO - [0m11:24:47  2 of 4 START sql table model commerce_core.dim_products ........................ [RUN]
[2025-04-18T11:24:47.426+0000] {subprocess.py:106} INFO - [0m11:24:47  3 of 4 START sql table model commerce_core.dim_stores .......................... [RUN]
[2025-04-18T11:24:47.686+0000] {subprocess.py:106} INFO - [0m11:24:47  3 of 4 ERROR creating sql table model commerce_core.dim_stores ................. [[31mERROR[0m in 0.25s]
[2025-04-18T11:24:47.705+0000] {subprocess.py:106} INFO - [0m11:24:47  1 of 4 ERROR creating sql table model commerce_core.dim_customers .............. [[31mERROR[0m in 0.26s]
[2025-04-18T11:24:47.756+0000] {subprocess.py:106} INFO - [0m11:24:47  2 of 4 OK created sql table model commerce_core.dim_products ................... [[32mSELECT 17[0m in 0.33s]
[2025-04-18T11:24:47.761+0000] {subprocess.py:106} INFO - [0m11:24:47  4 of 4 START sql table model commerce_core.fct_orders .......................... [RUN]
[2025-04-18T11:24:47.893+0000] {subprocess.py:106} INFO - [0m11:24:47  4 of 4 ERROR creating sql table model commerce_core.fct_orders ................. [[31mERROR[0m in 0.13s]
[2025-04-18T11:24:48.079+0000] {subprocess.py:106} INFO - [0m11:24:48
[2025-04-18T11:24:48.080+0000] {subprocess.py:106} INFO - [0m11:24:48  Finished running 4 table models in 0 hours 0 minutes and 1.36 seconds (1.36s).
[2025-04-18T11:24:48.123+0000] {subprocess.py:106} INFO - [0m11:24:48
[2025-04-18T11:24:48.124+0000] {subprocess.py:106} INFO - [0m11:24:48  [31mCompleted with 3 errors and 0 warnings:[0m
[2025-04-18T11:24:48.124+0000] {subprocess.py:106} INFO - [0m11:24:48
[2025-04-18T11:24:48.125+0000] {subprocess.py:106} INFO - [0m11:24:48    Database Error in model dim_stores (models/marts/core/dim_stores.sql)
[2025-04-18T11:24:48.126+0000] {subprocess.py:106} INFO -   relation "commerce_staging.stg_stores" does not exist
[2025-04-18T11:24:48.127+0000] {subprocess.py:106} INFO -   LINE 13:     select * from "postgres"."commerce_staging"."stg_stores"
[2025-04-18T11:24:48.128+0000] {subprocess.py:106} INFO -                              ^
[2025-04-18T11:24:48.129+0000] {subprocess.py:106} INFO -   compiled Code at target/run/commerce_dbt/models/marts/core/dim_stores.sql
[2025-04-18T11:24:48.130+0000] {subprocess.py:106} INFO - [0m11:24:48
[2025-04-18T11:24:48.131+0000] {subprocess.py:106} INFO - [0m11:24:48    Database Error in model dim_customers (models/marts/core/dim_customers.sql)
[2025-04-18T11:24:48.131+0000] {subprocess.py:106} INFO -   relation "commerce_staging.stg_customers" does not exist
[2025-04-18T11:24:48.132+0000] {subprocess.py:106} INFO -   LINE 13:     select * from "postgres"."commerce_staging"."stg_custome...
[2025-04-18T11:24:48.133+0000] {subprocess.py:106} INFO -                              ^
[2025-04-18T11:24:48.134+0000] {subprocess.py:106} INFO -   compiled Code at target/run/commerce_dbt/models/marts/core/dim_customers.sql
[2025-04-18T11:24:48.135+0000] {subprocess.py:106} INFO - [0m11:24:48
[2025-04-18T11:24:48.136+0000] {subprocess.py:106} INFO - [0m11:24:48    Database Error in model fct_orders (models/marts/core/fct_orders.sql)
[2025-04-18T11:24:48.136+0000] {subprocess.py:106} INFO -   relation "commerce_staging.stg_orders" does not exist
[2025-04-18T11:24:48.137+0000] {subprocess.py:106} INFO -   LINE 13:     select * from "postgres"."commerce_staging"."stg_orders"
[2025-04-18T11:24:48.138+0000] {subprocess.py:106} INFO -                              ^
[2025-04-18T11:24:48.139+0000] {subprocess.py:106} INFO -   compiled Code at target/run/commerce_dbt/models/marts/core/fct_orders.sql
[2025-04-18T11:24:48.140+0000] {subprocess.py:106} INFO - [0m11:24:48
[2025-04-18T11:24:48.140+0000] {subprocess.py:106} INFO - [0m11:24:48  Done. PASS=1 WARN=0 ERROR=3 SKIP=0 TOTAL=4
[2025-04-18T11:24:49.197+0000] {subprocess.py:110} INFO - Command exited with return code 1
[2025-04-18T11:24:49.386+0000] {taskinstance.py:3313} ERROR - Task failed with exception
Traceback (most recent call last):
  File "/home/airflow/.local/lib/python3.12/site-packages/airflow/models/taskinstance.py", line 768, in _execute_task
    result = _execute_callable(context=context, **execute_callable_kwargs)
             ^^^^^^^^^^^^^^^^^^^^^^^^^^^^^^^^^^^^^^^^^^^^^^^^^^^^^^^^^^^^^
  File "/home/airflow/.local/lib/python3.12/site-packages/airflow/models/taskinstance.py", line 734, in _execute_callable
    return ExecutionCallableRunner(
           ^^^^^^^^^^^^^^^^^^^^^^^^
  File "/home/airflow/.local/lib/python3.12/site-packages/airflow/utils/operator_helpers.py", line 252, in run
    return self.func(*args, **kwargs)
           ^^^^^^^^^^^^^^^^^^^^^^^^^^
  File "/home/airflow/.local/lib/python3.12/site-packages/airflow/models/baseoperator.py", line 424, in wrapper
    return func(self, *args, **kwargs)
           ^^^^^^^^^^^^^^^^^^^^^^^^^^^
  File "/home/airflow/.local/lib/python3.12/site-packages/airflow/operators/bash.py", line 276, in execute
    raise AirflowException(
airflow.exceptions.AirflowException: Bash command failed. The command returned a non-zero exit code 1.
[2025-04-18T11:24:49.395+0000] {taskinstance.py:1226} INFO - Marking task as FAILED. dag_id=dbt_etl_pipeline_mart, task_id=dbt_marts_core, run_id=manual__2025-04-18T11:24:40.132661+00:00, execution_date=20250418T112440, start_date=20250418T112441, end_date=20250418T112449
[2025-04-18T11:24:49.589+0000] {taskinstance.py:341} INFO - ::group::Post task execution logs
[2025-04-18T11:24:49.590+0000] {standard_task_runner.py:124} ERROR - Failed to execute job 101 for task dbt_marts_core (Bash command failed. The command returned a non-zero exit code 1.; 501)
Traceback (most recent call last):
  File "/home/airflow/.local/lib/python3.12/site-packages/airflow/task/task_runner/standard_task_runner.py", line 117, in _start_by_fork
    ret = args.func(args, dag=self.dag)
          ^^^^^^^^^^^^^^^^^^^^^^^^^^^^^
  File "/home/airflow/.local/lib/python3.12/site-packages/airflow/cli/cli_config.py", line 49, in command
    return func(*args, **kwargs)
           ^^^^^^^^^^^^^^^^^^^^^
  File "/home/airflow/.local/lib/python3.12/site-packages/airflow/utils/cli.py", line 116, in wrapper
    return f(*args, **kwargs)
           ^^^^^^^^^^^^^^^^^^
  File "/home/airflow/.local/lib/python3.12/site-packages/airflow/cli/commands/task_command.py", line 483, in task_run
    task_return_code = _run_task_by_selected_method(args, _dag, ti)
                       ^^^^^^^^^^^^^^^^^^^^^^^^^^^^^^^^^^^^^^^^^^^^
  File "/home/airflow/.local/lib/python3.12/site-packages/airflow/cli/commands/task_command.py", line 256, in _run_task_by_selected_method
    return _run_raw_task(args, ti)
           ^^^^^^^^^^^^^^^^^^^^^^^
  File "/home/airflow/.local/lib/python3.12/site-packages/airflow/cli/commands/task_command.py", line 341, in _run_raw_task
    return ti._run_raw_task(
           ^^^^^^^^^^^^^^^^^
  File "/home/airflow/.local/lib/python3.12/site-packages/airflow/utils/session.py", line 97, in wrapper
    return func(*args, session=session, **kwargs)
           ^^^^^^^^^^^^^^^^^^^^^^^^^^^^^^^^^^^^^^
  File "/home/airflow/.local/lib/python3.12/site-packages/airflow/models/taskinstance.py", line 3006, in _run_raw_task
    return _run_raw_task(
           ^^^^^^^^^^^^^^
  File "/home/airflow/.local/lib/python3.12/site-packages/airflow/models/taskinstance.py", line 274, in _run_raw_task
    TaskInstance._execute_task_with_callbacks(
  File "/home/airflow/.local/lib/python3.12/site-packages/airflow/models/taskinstance.py", line 3161, in _execute_task_with_callbacks
    result = self._execute_task(context, task_orig)
             ^^^^^^^^^^^^^^^^^^^^^^^^^^^^^^^^^^^^^^
  File "/home/airflow/.local/lib/python3.12/site-packages/airflow/models/taskinstance.py", line 3185, in _execute_task
    return _execute_task(self, context, task_orig)
           ^^^^^^^^^^^^^^^^^^^^^^^^^^^^^^^^^^^^^^^
  File "/home/airflow/.local/lib/python3.12/site-packages/airflow/models/taskinstance.py", line 768, in _execute_task
    result = _execute_callable(context=context, **execute_callable_kwargs)
             ^^^^^^^^^^^^^^^^^^^^^^^^^^^^^^^^^^^^^^^^^^^^^^^^^^^^^^^^^^^^^
  File "/home/airflow/.local/lib/python3.12/site-packages/airflow/models/taskinstance.py", line 734, in _execute_callable
    return ExecutionCallableRunner(
           ^^^^^^^^^^^^^^^^^^^^^^^^
  File "/home/airflow/.local/lib/python3.12/site-packages/airflow/utils/operator_helpers.py", line 252, in run
    return self.func(*args, **kwargs)
           ^^^^^^^^^^^^^^^^^^^^^^^^^^
  File "/home/airflow/.local/lib/python3.12/site-packages/airflow/models/baseoperator.py", line 424, in wrapper
    return func(self, *args, **kwargs)
           ^^^^^^^^^^^^^^^^^^^^^^^^^^^
  File "/home/airflow/.local/lib/python3.12/site-packages/airflow/operators/bash.py", line 276, in execute
    raise AirflowException(
airflow.exceptions.AirflowException: Bash command failed. The command returned a non-zero exit code 1.
[2025-04-18T11:24:49.623+0000] {local_task_job_runner.py:266} INFO - Task exited with return code 1
[2025-04-18T11:24:49.742+0000] {taskinstance.py:3901} INFO - 0 downstream tasks scheduled from follow-on schedule check
[2025-04-18T11:24:49.750+0000] {local_task_job_runner.py:245} INFO - ::endgroup::
