[2025-04-18T11:42:52.873+0000] {local_task_job_runner.py:123} INFO - ::group::Pre task execution logs
[2025-04-18T11:42:52.939+0000] {taskinstance.py:2614} INFO - Dependencies all met for dep_context=non-requeueable deps ti=<TaskInstance: dbt_etl_pipeline_mart.dbt_marts_core manual__2025-04-18T11:24:40.132661+00:00 [queued]>
[2025-04-18T11:42:52.951+0000] {taskinstance.py:2614} INFO - Dependencies all met for dep_context=requeueable deps ti=<TaskInstance: dbt_etl_pipeline_mart.dbt_marts_core manual__2025-04-18T11:24:40.132661+00:00 [queued]>
[2025-04-18T11:42:52.952+0000] {taskinstance.py:2867} INFO - Starting attempt 2 of 2
[2025-04-18T11:42:52.969+0000] {taskinstance.py:2890} INFO - Executing <Task(BashOperator): dbt_marts_core> on 2025-04-18 11:24:40.132661+00:00
[2025-04-18T11:42:52.978+0000] {standard_task_runner.py:104} INFO - Running: ['airflow', 'tasks', 'run', 'dbt_etl_pipeline_mart', 'dbt_marts_core', 'manual__2025-04-18T11:24:40.132661+00:00', '--job-id', '122', '--raw', '--subdir', 'DAGS_FOLDER/dbt_marts.py', '--cfg-path', '/tmp/tmp12atzta6']
[2025-04-18T11:42:52.980+0000] {logging_mixin.py:190} WARNING - /home/airflow/.local/lib/python3.12/site-packages/airflow/task/task_runner/standard_task_runner.py:70 DeprecationWarning: This process (pid=255) is multi-threaded, use of fork() may lead to deadlocks in the child.
[2025-04-18T11:42:52.981+0000] {standard_task_runner.py:105} INFO - Job 122: Subtask dbt_marts_core
[2025-04-18T11:42:52.981+0000] {standard_task_runner.py:72} INFO - Started process 256 to run task
[2025-04-18T11:42:53.267+0000] {task_command.py:467} INFO - Running <TaskInstance: dbt_etl_pipeline_mart.dbt_marts_core manual__2025-04-18T11:24:40.132661+00:00 [running]> on host 9c8f13362ff5
[2025-04-18T11:42:53.497+0000] {taskinstance.py:3134} INFO - Exporting env vars: AIRFLOW_CTX_DAG_OWNER='azizjon' AIRFLOW_CTX_DAG_ID='dbt_etl_pipeline_mart' AIRFLOW_CTX_TASK_ID='dbt_marts_core' AIRFLOW_CTX_EXECUTION_DATE='2025-04-18T11:24:40.132661+00:00' AIRFLOW_CTX_TRY_NUMBER='2' AIRFLOW_CTX_DAG_RUN_ID='manual__2025-04-18T11:24:40.132661+00:00'
[2025-04-18T11:42:53.498+0000] {taskinstance.py:732} INFO - ::endgroup::
[2025-04-18T11:42:53.513+0000] {subprocess.py:78} INFO - Tmp dir root location: /tmp
[2025-04-18T11:42:53.514+0000] {subprocess.py:88} INFO - Running command: ['/usr/bin/bash', '-c', '\n        export PATH=/home/airflow/.local/bin:$PATH\n        cd /opt/airflow/commerce_dbt\n        dbt run --select marts.core --profiles-dir .\n        ']
[2025-04-18T11:42:53.521+0000] {subprocess.py:99} INFO - Output:
[2025-04-18T11:42:57.220+0000] {subprocess.py:106} INFO - [0m11:42:57  Running with dbt=1.7.0
[2025-04-18T11:42:57.484+0000] {subprocess.py:106} INFO - [0m11:42:57  Registered adapter: postgres=1.7.0
[2025-04-18T11:42:58.283+0000] {subprocess.py:106} INFO - [0m11:42:58  [[33mWARNING[0m]: Configuration paths exist in your dbt_project.yml file which do not apply to any resources.
[2025-04-18T11:42:58.284+0000] {subprocess.py:106} INFO - There are 1 unused configuration paths:
[2025-04-18T11:42:58.284+0000] {subprocess.py:106} INFO - - seeds.initial_dataset
[2025-04-18T11:42:58.347+0000] {subprocess.py:106} INFO - [0m11:42:58  Found 13 models, 1 snapshot, 6 seeds, 43 tests, 6 sources, 0 exposures, 0 metrics, 401 macros, 0 groups, 0 semantic models
[2025-04-18T11:42:58.353+0000] {subprocess.py:106} INFO - [0m11:42:58
[2025-04-18T11:42:58.707+0000] {subprocess.py:106} INFO - [0m11:42:58  Concurrency: 4 threads (target='dev')
[2025-04-18T11:42:58.708+0000] {subprocess.py:106} INFO - [0m11:42:58
[2025-04-18T11:42:58.718+0000] {subprocess.py:106} INFO - [0m11:42:58  1 of 5 START sql table model commerce_core.dim_customers ....................... [RUN]
[2025-04-18T11:42:58.719+0000] {subprocess.py:106} INFO - [0m11:42:58  2 of 5 START sql table model commerce_core.dim_products ........................ [RUN]
[2025-04-18T11:42:58.721+0000] {subprocess.py:106} INFO - [0m11:42:58  3 of 5 START sql table model commerce_core.dim_stores .......................... [RUN]
[2025-04-18T11:42:59.019+0000] {subprocess.py:106} INFO - [0m11:42:59  1 of 5 OK created sql table model commerce_core.dim_customers .................. [[32mSELECT 1000[0m in 0.30s]
[2025-04-18T11:42:59.021+0000] {subprocess.py:106} INFO - [0m11:42:59  3 of 5 OK created sql table model commerce_core.dim_stores ..................... [[32mSELECT 5[0m in 0.29s]
[2025-04-18T11:42:59.060+0000] {subprocess.py:106} INFO - [0m11:42:59  2 of 5 OK created sql table model commerce_core.dim_products ................... [[32mSELECT 17[0m in 0.34s]
[2025-04-18T11:42:59.064+0000] {subprocess.py:106} INFO - [0m11:42:59  4 of 5 START sql table model commerce_core.fct_orders .......................... [RUN]
[2025-04-18T11:42:59.065+0000] {subprocess.py:106} INFO - [0m11:42:59  5 of 5 START sql table model commerce_core.ml_analytics ........................ [RUN]
[2025-04-18T11:42:59.177+0000] {subprocess.py:106} INFO - [0m11:42:59  5 of 5 ERROR creating sql table model commerce_core.ml_analytics ............... [[31mERROR[0m in 0.11s]
[2025-04-18T11:42:59.218+0000] {subprocess.py:106} INFO - [0m11:42:59  4 of 5 OK created sql table model commerce_core.fct_orders ..................... [[32mSELECT 10000[0m in 0.15s]
[2025-04-18T11:42:59.285+0000] {subprocess.py:106} INFO - [0m11:42:59
[2025-04-18T11:42:59.286+0000] {subprocess.py:106} INFO - [0m11:42:59  Finished running 5 table models in 0 hours 0 minutes and 0.93 seconds (0.93s).
[2025-04-18T11:42:59.406+0000] {subprocess.py:106} INFO - [0m11:42:59
[2025-04-18T11:42:59.407+0000] {subprocess.py:106} INFO - [0m11:42:59  [31mCompleted with 1 error and 0 warnings:[0m
[2025-04-18T11:42:59.408+0000] {subprocess.py:106} INFO - [0m11:42:59
[2025-04-18T11:42:59.409+0000] {subprocess.py:106} INFO - [0m11:42:59    Database Error in model ml_analytics (models/marts/core/ml_analytics.sql)
[2025-04-18T11:42:59.410+0000] {subprocess.py:106} INFO -   syntax error at or near "product_categories"
[2025-04-18T11:42:59.411+0000] {subprocess.py:106} INFO -   LINE 24: product_categories as (
[2025-04-18T11:42:59.412+0000] {subprocess.py:106} INFO -            ^
[2025-04-18T11:42:59.413+0000] {subprocess.py:106} INFO -   compiled Code at target/run/commerce_dbt/models/marts/core/ml_analytics.sql
[2025-04-18T11:42:59.414+0000] {subprocess.py:106} INFO - [0m11:42:59
[2025-04-18T11:42:59.415+0000] {subprocess.py:106} INFO - [0m11:42:59  Done. PASS=4 WARN=0 ERROR=1 SKIP=0 TOTAL=5
[2025-04-18T11:43:00.316+0000] {subprocess.py:110} INFO - Command exited with return code 1
[2025-04-18T11:43:00.364+0000] {taskinstance.py:3313} ERROR - Task failed with exception
Traceback (most recent call last):
  File "/home/airflow/.local/lib/python3.12/site-packages/airflow/models/taskinstance.py", line 768, in _execute_task
    result = _execute_callable(context=context, **execute_callable_kwargs)
             ^^^^^^^^^^^^^^^^^^^^^^^^^^^^^^^^^^^^^^^^^^^^^^^^^^^^^^^^^^^^^
  File "/home/airflow/.local/lib/python3.12/site-packages/airflow/models/taskinstance.py", line 734, in _execute_callable
    return ExecutionCallableRunner(
           ^^^^^^^^^^^^^^^^^^^^^^^^
  File "/home/airflow/.local/lib/python3.12/site-packages/airflow/utils/operator_helpers.py", line 252, in run
    return self.func(*args, **kwargs)
           ^^^^^^^^^^^^^^^^^^^^^^^^^^
  File "/home/airflow/.local/lib/python3.12/site-packages/airflow/models/baseoperator.py", line 424, in wrapper
    return func(self, *args, **kwargs)
           ^^^^^^^^^^^^^^^^^^^^^^^^^^^
  File "/home/airflow/.local/lib/python3.12/site-packages/airflow/operators/bash.py", line 276, in execute
    raise AirflowException(
airflow.exceptions.AirflowException: Bash command failed. The command returned a non-zero exit code 1.
[2025-04-18T11:43:00.387+0000] {taskinstance.py:1226} INFO - Marking task as FAILED. dag_id=dbt_etl_pipeline_mart, task_id=dbt_marts_core, run_id=manual__2025-04-18T11:24:40.132661+00:00, execution_date=20250418T112440, start_date=20250418T114252, end_date=20250418T114300
[2025-04-18T11:43:00.500+0000] {taskinstance.py:341} INFO - ::group::Post task execution logs
[2025-04-18T11:43:00.501+0000] {standard_task_runner.py:124} ERROR - Failed to execute job 122 for task dbt_marts_core (Bash command failed. The command returned a non-zero exit code 1.; 256)
Traceback (most recent call last):
  File "/home/airflow/.local/lib/python3.12/site-packages/airflow/task/task_runner/standard_task_runner.py", line 117, in _start_by_fork
    ret = args.func(args, dag=self.dag)
          ^^^^^^^^^^^^^^^^^^^^^^^^^^^^^
  File "/home/airflow/.local/lib/python3.12/site-packages/airflow/cli/cli_config.py", line 49, in command
    return func(*args, **kwargs)
           ^^^^^^^^^^^^^^^^^^^^^
  File "/home/airflow/.local/lib/python3.12/site-packages/airflow/utils/cli.py", line 116, in wrapper
    return f(*args, **kwargs)
           ^^^^^^^^^^^^^^^^^^
  File "/home/airflow/.local/lib/python3.12/site-packages/airflow/cli/commands/task_command.py", line 483, in task_run
    task_return_code = _run_task_by_selected_method(args, _dag, ti)
                       ^^^^^^^^^^^^^^^^^^^^^^^^^^^^^^^^^^^^^^^^^^^^
  File "/home/airflow/.local/lib/python3.12/site-packages/airflow/cli/commands/task_command.py", line 256, in _run_task_by_selected_method
    return _run_raw_task(args, ti)
           ^^^^^^^^^^^^^^^^^^^^^^^
  File "/home/airflow/.local/lib/python3.12/site-packages/airflow/cli/commands/task_command.py", line 341, in _run_raw_task
    return ti._run_raw_task(
           ^^^^^^^^^^^^^^^^^
  File "/home/airflow/.local/lib/python3.12/site-packages/airflow/utils/session.py", line 97, in wrapper
    return func(*args, session=session, **kwargs)
           ^^^^^^^^^^^^^^^^^^^^^^^^^^^^^^^^^^^^^^
  File "/home/airflow/.local/lib/python3.12/site-packages/airflow/models/taskinstance.py", line 3006, in _run_raw_task
    return _run_raw_task(
           ^^^^^^^^^^^^^^
  File "/home/airflow/.local/lib/python3.12/site-packages/airflow/models/taskinstance.py", line 274, in _run_raw_task
    TaskInstance._execute_task_with_callbacks(
  File "/home/airflow/.local/lib/python3.12/site-packages/airflow/models/taskinstance.py", line 3161, in _execute_task_with_callbacks
    result = self._execute_task(context, task_orig)
             ^^^^^^^^^^^^^^^^^^^^^^^^^^^^^^^^^^^^^^
  File "/home/airflow/.local/lib/python3.12/site-packages/airflow/models/taskinstance.py", line 3185, in _execute_task
    return _execute_task(self, context, task_orig)
           ^^^^^^^^^^^^^^^^^^^^^^^^^^^^^^^^^^^^^^^
  File "/home/airflow/.local/lib/python3.12/site-packages/airflow/models/taskinstance.py", line 768, in _execute_task
    result = _execute_callable(context=context, **execute_callable_kwargs)
             ^^^^^^^^^^^^^^^^^^^^^^^^^^^^^^^^^^^^^^^^^^^^^^^^^^^^^^^^^^^^^
  File "/home/airflow/.local/lib/python3.12/site-packages/airflow/models/taskinstance.py", line 734, in _execute_callable
    return ExecutionCallableRunner(
           ^^^^^^^^^^^^^^^^^^^^^^^^
  File "/home/airflow/.local/lib/python3.12/site-packages/airflow/utils/operator_helpers.py", line 252, in run
    return self.func(*args, **kwargs)
           ^^^^^^^^^^^^^^^^^^^^^^^^^^
  File "/home/airflow/.local/lib/python3.12/site-packages/airflow/models/baseoperator.py", line 424, in wrapper
    return func(self, *args, **kwargs)
           ^^^^^^^^^^^^^^^^^^^^^^^^^^^
  File "/home/airflow/.local/lib/python3.12/site-packages/airflow/operators/bash.py", line 276, in execute
    raise AirflowException(
airflow.exceptions.AirflowException: Bash command failed. The command returned a non-zero exit code 1.
[2025-04-18T11:43:00.512+0000] {local_task_job_runner.py:266} INFO - Task exited with return code 1
[2025-04-18T11:43:00.583+0000] {taskinstance.py:3901} INFO - 0 downstream tasks scheduled from follow-on schedule check
[2025-04-18T11:43:00.588+0000] {local_task_job_runner.py:245} INFO - ::endgroup::
