[2025-04-18T11:24:46.096+0000] {local_task_job_runner.py:123} INFO - ::group::Pre task execution logs
[2025-04-18T11:24:46.181+0000] {taskinstance.py:2614} INFO - Dependencies all met for dep_context=non-requeueable deps ti=<TaskInstance: dbt_etl_pipeline_test.dbt_test manual__2025-04-18T11:24:44.957374+00:00 [queued]>
[2025-04-18T11:24:46.199+0000] {taskinstance.py:2614} INFO - Dependencies all met for dep_context=requeueable deps ti=<TaskInstance: dbt_etl_pipeline_test.dbt_test manual__2025-04-18T11:24:44.957374+00:00 [queued]>
[2025-04-18T11:24:46.201+0000] {taskinstance.py:2867} INFO - Starting attempt 1 of 1
[2025-04-18T11:24:46.223+0000] {taskinstance.py:2890} INFO - Executing <Task(BashOperator): dbt_test> on 2025-04-18 11:24:44.957374+00:00
[2025-04-18T11:24:46.239+0000] {logging_mixin.py:190} WARNING - /home/airflow/.local/lib/python3.12/site-packages/airflow/task/task_runner/standard_task_runner.py:70 DeprecationWarning: This process (pid=521) is multi-threaded, use of fork() may lead to deadlocks in the child.
[2025-04-18T11:24:46.238+0000] {standard_task_runner.py:104} INFO - Running: ['airflow', 'tasks', 'run', 'dbt_etl_pipeline_test', 'dbt_test', 'manual__2025-04-18T11:24:44.957374+00:00', '--job-id', '102', '--raw', '--subdir', 'DAGS_FOLDER/dbt_test.py', '--cfg-path', '/tmp/tmp6i2ed512']
[2025-04-18T11:24:46.242+0000] {standard_task_runner.py:72} INFO - Started process 523 to run task
[2025-04-18T11:24:46.242+0000] {standard_task_runner.py:105} INFO - Job 102: Subtask dbt_test
[2025-04-18T11:24:46.492+0000] {task_command.py:467} INFO - Running <TaskInstance: dbt_etl_pipeline_test.dbt_test manual__2025-04-18T11:24:44.957374+00:00 [running]> on host 9c8f13362ff5
[2025-04-18T11:24:46.803+0000] {taskinstance.py:3134} INFO - Exporting env vars: AIRFLOW_CTX_DAG_OWNER='azizjon' AIRFLOW_CTX_DAG_ID='dbt_etl_pipeline_test' AIRFLOW_CTX_TASK_ID='dbt_test' AIRFLOW_CTX_EXECUTION_DATE='2025-04-18T11:24:44.957374+00:00' AIRFLOW_CTX_TRY_NUMBER='1' AIRFLOW_CTX_DAG_RUN_ID='manual__2025-04-18T11:24:44.957374+00:00'
[2025-04-18T11:24:46.804+0000] {taskinstance.py:732} INFO - ::endgroup::
[2025-04-18T11:24:46.822+0000] {subprocess.py:78} INFO - Tmp dir root location: /tmp
[2025-04-18T11:24:46.824+0000] {subprocess.py:88} INFO - Running command: ['/usr/bin/bash', '-c', '\n        export PATH=/home/airflow/.local/bin:$PATH\n        cd /opt/airflow/commerce_dbt\n        dbt test --profiles-dir .\n        ']
[2025-04-18T11:24:46.834+0000] {subprocess.py:99} INFO - Output:
[2025-04-18T11:24:50.301+0000] {subprocess.py:106} INFO - [0m11:24:50  Running with dbt=1.7.0
[2025-04-18T11:24:50.651+0000] {subprocess.py:106} INFO - [0m11:24:50  Registered adapter: postgres=1.7.0
[2025-04-18T11:24:51.218+0000] {subprocess.py:106} INFO - [0m11:24:51  [[33mWARNING[0m]: Configuration paths exist in your dbt_project.yml file which do not apply to any resources.
[2025-04-18T11:24:51.219+0000] {subprocess.py:106} INFO - There are 1 unused configuration paths:
[2025-04-18T11:24:51.220+0000] {subprocess.py:106} INFO - - seeds.initial_dataset
[2025-04-18T11:24:51.278+0000] {subprocess.py:106} INFO - [0m11:24:51  Found 12 models, 1 snapshot, 6 seeds, 43 tests, 6 sources, 0 exposures, 0 metrics, 401 macros, 0 groups, 0 semantic models
[2025-04-18T11:24:51.285+0000] {subprocess.py:106} INFO - [0m11:24:51
[2025-04-18T11:24:51.658+0000] {subprocess.py:106} INFO - [0m11:24:51  Concurrency: 4 threads (target='dev')
[2025-04-18T11:24:51.660+0000] {subprocess.py:106} INFO - [0m11:24:51
[2025-04-18T11:24:51.675+0000] {subprocess.py:106} INFO - [0m11:24:51  1 of 43 START test accepted_values_dim_customers_customer_segment__New__One_time__Regular__Loyal  [RUN]
[2025-04-18T11:24:51.676+0000] {subprocess.py:106} INFO - [0m11:24:51  2 of 43 START test accepted_values_dim_products_price_segment__Budget__Standard__Premium  [RUN]
[2025-04-18T11:24:51.677+0000] {subprocess.py:106} INFO - [0m11:24:51  3 of 43 START test accepted_values_stg_customers_gender__Male__Female .......... [RUN]
[2025-04-18T11:24:51.679+0000] {subprocess.py:106} INFO - [0m11:24:51  4 of 43 START test accepted_values_stg_order_items_quantity__1__2__3__4__5 ..... [RUN]
[2025-04-18T11:24:51.951+0000] {subprocess.py:106} INFO - [0m11:24:51  3 of 43 ERROR accepted_values_stg_customers_gender__Male__Female ............... [[31mERROR[0m in 0.27s]
[2025-04-18T11:24:51.974+0000] {subprocess.py:106} INFO - [0m11:24:51  4 of 43 ERROR accepted_values_stg_order_items_quantity__1__2__3__4__5 .......... [[31mERROR[0m in 0.29s]
[2025-04-18T11:24:51.977+0000] {subprocess.py:106} INFO - [0m11:24:51  5 of 43 START test not_null_customer_orders_customer_id ........................ [RUN]
[2025-04-18T11:24:51.992+0000] {subprocess.py:106} INFO - [0m11:24:51  2 of 43 PASS accepted_values_dim_products_price_segment__Budget__Standard__Premium  [[32mPASS[0m in 0.31s]
[2025-04-18T11:24:51.997+0000] {subprocess.py:106} INFO - [0m11:24:51  6 of 43 START test not_null_customer_orders_order_count ........................ [RUN]
[2025-04-18T11:24:52.032+0000] {subprocess.py:106} INFO - [0m11:24:52  1 of 43 ERROR accepted_values_dim_customers_customer_segment__New__One_time__Regular__Loyal  [[31mERROR[0m in 0.35s]
[2025-04-18T11:24:52.037+0000] {subprocess.py:106} INFO - [0m11:24:52  7 of 43 START test not_null_dim_customers_customer_id .......................... [RUN]
[2025-04-18T11:24:52.049+0000] {subprocess.py:106} INFO - [0m11:24:52  8 of 43 START test not_null_dim_products_product_id ............................ [RUN]
[2025-04-18T11:24:52.413+0000] {subprocess.py:106} INFO - [0m11:24:52  6 of 43 ERROR not_null_customer_orders_order_count ............................. [[31mERROR[0m in 0.38s]
[2025-04-18T11:24:52.430+0000] {subprocess.py:106} INFO - [0m11:24:52  9 of 43 START test not_null_dim_products_product_name .......................... [RUN]
[2025-04-18T11:24:52.450+0000] {subprocess.py:106} INFO - [0m11:24:52  5 of 43 ERROR not_null_customer_orders_customer_id ............................. [[31mERROR[0m in 0.47s]
[2025-04-18T11:24:52.484+0000] {subprocess.py:106} INFO - [0m11:24:52  8 of 43 PASS not_null_dim_products_product_id .................................. [[32mPASS[0m in 0.43s]
[2025-04-18T11:24:52.486+0000] {subprocess.py:106} INFO - [0m11:24:52  10 of 43 START test not_null_dim_stores_store_id ............................... [RUN]
[2025-04-18T11:24:52.499+0000] {subprocess.py:106} INFO - [0m11:24:52  11 of 43 START test not_null_fct_orders_total_price ............................ [RUN]
[2025-04-18T11:24:52.544+0000] {subprocess.py:106} INFO - [0m11:24:52  7 of 43 ERROR not_null_dim_customers_customer_id ............................... [[31mERROR[0m in 0.50s]
[2025-04-18T11:24:52.555+0000] {subprocess.py:106} INFO - [0m11:24:52  12 of 43 START test not_null_product_sales_product_id .......................... [RUN]
[2025-04-18T11:24:52.667+0000] {subprocess.py:106} INFO - [0m11:24:52  9 of 43 PASS not_null_dim_products_product_name ................................ [[32mPASS[0m in 0.24s]
[2025-04-18T11:24:52.671+0000] {subprocess.py:106} INFO - [0m11:24:52  13 of 43 START test not_null_product_sales_total_revenue ....................... [RUN]
[2025-04-18T11:24:52.727+0000] {subprocess.py:106} INFO - [0m11:24:52  11 of 43 ERROR not_null_fct_orders_total_price ................................. [[31mERROR[0m in 0.22s]
[2025-04-18T11:24:52.739+0000] {subprocess.py:106} INFO - [0m11:24:52  14 of 43 START test not_null_product_sales_total_units_sold .................... [RUN]
[2025-04-18T11:24:52.773+0000] {subprocess.py:106} INFO - [0m11:24:52  12 of 43 ERROR not_null_product_sales_product_id ............................... [[31mERROR[0m in 0.21s]
[2025-04-18T11:24:52.779+0000] {subprocess.py:106} INFO - [0m11:24:52  15 of 43 START test not_null_stg_customers_customer_id ......................... [RUN]
[2025-04-18T11:24:52.831+0000] {subprocess.py:106} INFO - [0m11:24:52  10 of 43 ERROR not_null_dim_stores_store_id .................................... [[31mERROR[0m in 0.34s]
[2025-04-18T11:24:52.838+0000] {subprocess.py:106} INFO - [0m11:24:52  16 of 43 START test not_null_stg_customers_name ................................ [RUN]
[2025-04-18T11:24:52.960+0000] {subprocess.py:106} INFO - [0m11:24:52  14 of 43 ERROR not_null_product_sales_total_units_sold ......................... [[31mERROR[0m in 0.22s]
[2025-04-18T11:24:52.970+0000] {subprocess.py:106} INFO - [0m11:24:52  17 of 43 START test not_null_stg_order_items_order_item_id ..................... [RUN]
[2025-04-18T11:24:52.971+0000] {subprocess.py:106} INFO - [0m11:24:52  13 of 43 ERROR not_null_product_sales_total_revenue ............................ [[31mERROR[0m in 0.30s]
[2025-04-18T11:24:52.988+0000] {subprocess.py:106} INFO - [0m11:24:52  18 of 43 START test not_null_stg_orders_order_date ............................. [RUN]
[2025-04-18T11:24:53.008+0000] {subprocess.py:106} INFO - [0m11:24:53  15 of 43 ERROR not_null_stg_customers_customer_id .............................. [[31mERROR[0m in 0.23s]
[2025-04-18T11:24:53.012+0000] {subprocess.py:106} INFO - [0m11:24:53  19 of 43 START test not_null_stg_orders_order_id ............................... [RUN]
[2025-04-18T11:24:53.122+0000] {subprocess.py:106} INFO - [0m11:24:53  16 of 43 ERROR not_null_stg_customers_name ..................................... [[31mERROR[0m in 0.28s]
[2025-04-18T11:24:53.125+0000] {subprocess.py:106} INFO - [0m11:24:53  20 of 43 START test not_null_stg_product_categories_product_categories ......... [RUN]
[2025-04-18T11:24:53.192+0000] {subprocess.py:106} INFO - [0m11:24:53  18 of 43 ERROR not_null_stg_orders_order_date .................................. [[31mERROR[0m in 0.20s]
[2025-04-18T11:24:53.195+0000] {subprocess.py:106} INFO - [0m11:24:53  17 of 43 ERROR not_null_stg_order_items_order_item_id .......................... [[31mERROR[0m in 0.22s]
[2025-04-18T11:24:53.216+0000] {subprocess.py:106} INFO - [0m11:24:53  21 of 43 START test not_null_stg_product_categories_product_categories_id ...... [RUN]
[2025-04-18T11:24:53.217+0000] {subprocess.py:106} INFO - [0m11:24:53  22 of 43 START test not_null_stg_products_price ................................ [RUN]
[2025-04-18T11:24:53.219+0000] {subprocess.py:106} INFO - [0m11:24:53  19 of 43 ERROR not_null_stg_orders_order_id .................................... [[31mERROR[0m in 0.20s]
[2025-04-18T11:24:53.248+0000] {subprocess.py:106} INFO - [0m11:24:53  23 of 43 START test not_null_stg_products_product_id ........................... [RUN]
[2025-04-18T11:24:53.319+0000] {subprocess.py:106} INFO - [0m11:24:53  20 of 43 PASS not_null_stg_product_categories_product_categories ............... [[32mPASS[0m in 0.19s]
[2025-04-18T11:24:53.335+0000] {subprocess.py:106} INFO - [0m11:24:53  24 of 43 START test not_null_stg_products_product_name ......................... [RUN]
[2025-04-18T11:24:53.500+0000] {subprocess.py:106} INFO - [0m11:24:53  21 of 43 PASS not_null_stg_product_categories_product_categories_id ............ [[32mPASS[0m in 0.28s]
[2025-04-18T11:24:53.512+0000] {subprocess.py:106} INFO - [0m11:24:53  23 of 43 PASS not_null_stg_products_product_id ................................. [[32mPASS[0m in 0.26s]
[2025-04-18T11:24:53.515+0000] {subprocess.py:106} INFO - [0m11:24:53  22 of 43 PASS not_null_stg_products_price ...................................... [[32mPASS[0m in 0.29s]
[2025-04-18T11:24:53.518+0000] {subprocess.py:106} INFO - [0m11:24:53  25 of 43 START test not_null_stg_stores_location ............................... [RUN]
[2025-04-18T11:24:53.524+0000] {subprocess.py:106} INFO - [0m11:24:53  26 of 43 START test not_null_stg_stores_store_id ............................... [RUN]
[2025-04-18T11:24:53.526+0000] {subprocess.py:106} INFO - [0m11:24:53  27 of 43 START test relationships_fct_orders_customer_id__customer_id__ref_dim_customers_  [RUN]
[2025-04-18T11:24:53.649+0000] {subprocess.py:106} INFO - [0m11:24:53  24 of 43 PASS not_null_stg_products_product_name ............................... [[32mPASS[0m in 0.31s]
[2025-04-18T11:24:53.652+0000] {subprocess.py:106} INFO - [0m11:24:53  28 of 43 START test relationships_fct_orders_product_id__product_id__ref_dim_products_  [RUN]
[2025-04-18T11:24:53.706+0000] {subprocess.py:106} INFO - [0m11:24:53  25 of 43 ERROR not_null_stg_stores_location .................................... [[31mERROR[0m in 0.18s]
[2025-04-18T11:24:53.718+0000] {subprocess.py:106} INFO - [0m11:24:53  29 of 43 START test relationships_fct_orders_store_id__store_id__ref_dim_stores_  [RUN]
[2025-04-18T11:24:53.727+0000] {subprocess.py:106} INFO - [0m11:24:53  26 of 43 ERROR not_null_stg_stores_store_id .................................... [[31mERROR[0m in 0.20s]
[2025-04-18T11:24:53.731+0000] {subprocess.py:106} INFO - [0m11:24:53  27 of 43 ERROR relationships_fct_orders_customer_id__customer_id__ref_dim_customers_  [[31mERROR[0m in 0.20s]
[2025-04-18T11:24:53.743+0000] {subprocess.py:106} INFO - [0m11:24:53  30 of 43 START test relationships_stg_order_items_order_id__order_id__ref_stg_orders_  [RUN]
[2025-04-18T11:24:53.746+0000] {subprocess.py:106} INFO - [0m11:24:53  31 of 43 START test relationships_stg_order_items_product_id__product_id__ref_stg_products_  [RUN]
[2025-04-18T11:24:53.811+0000] {subprocess.py:106} INFO - [0m11:24:53  28 of 43 ERROR relationships_fct_orders_product_id__product_id__ref_dim_products_  [[31mERROR[0m in 0.16s]
[2025-04-18T11:24:53.820+0000] {subprocess.py:106} INFO - [0m11:24:53  32 of 43 START test relationships_stg_orders_customer_id__customer_id__ref_stg_customers_  [RUN]
[2025-04-18T11:24:53.908+0000] {subprocess.py:106} INFO - [0m11:24:53  31 of 43 ERROR relationships_stg_order_items_product_id__product_id__ref_stg_products_  [[31mERROR[0m in 0.16s]
[2025-04-18T11:24:53.913+0000] {subprocess.py:106} INFO - [0m11:24:53  33 of 43 START test relationships_stg_orders_store_id__store_id__ref_stg_stores_  [RUN]
[2025-04-18T11:24:53.918+0000] {subprocess.py:106} INFO - [0m11:24:53  30 of 43 ERROR relationships_stg_order_items_order_id__order_id__ref_stg_orders_  [[31mERROR[0m in 0.17s]
[2025-04-18T11:24:53.928+0000] {subprocess.py:106} INFO - [0m11:24:53  34 of 43 START test relationships_stg_products_product_categories_id__product_categories_id__ref_stg_product_categories_  [RUN]
[2025-04-18T11:24:53.994+0000] {subprocess.py:106} INFO - [0m11:24:53  29 of 43 ERROR relationships_fct_orders_store_id__store_id__ref_dim_stores_ .... [[31mERROR[0m in 0.27s]
[2025-04-18T11:24:53.999+0000] {subprocess.py:106} INFO - [0m11:24:53  35 of 43 START test unique_dim_customers_customer_id ........................... [RUN]
[2025-04-18T11:24:54.068+0000] {subprocess.py:106} INFO - [0m11:24:54  33 of 43 ERROR relationships_stg_orders_store_id__store_id__ref_stg_stores_ .... [[31mERROR[0m in 0.15s]
[2025-04-18T11:24:54.079+0000] {subprocess.py:106} INFO - [0m11:24:54  36 of 43 START test unique_dim_products_product_id ............................. [RUN]
[2025-04-18T11:24:54.105+0000] {subprocess.py:106} INFO - [0m11:24:54  34 of 43 PASS relationships_stg_products_product_categories_id__product_categories_id__ref_stg_product_categories_  [[32mPASS[0m in 0.18s]
[2025-04-18T11:24:54.111+0000] {subprocess.py:106} INFO - [0m11:24:54  32 of 43 ERROR relationships_stg_orders_customer_id__customer_id__ref_stg_customers_  [[31mERROR[0m in 0.29s]
[2025-04-18T11:24:54.115+0000] {subprocess.py:106} INFO - [0m11:24:54  37 of 43 START test unique_dim_stores_store_id ................................. [RUN]
[2025-04-18T11:24:54.119+0000] {subprocess.py:106} INFO - [0m11:24:54  38 of 43 START test unique_stg_customers_customer_id ........................... [RUN]
[2025-04-18T11:24:54.184+0000] {subprocess.py:106} INFO - [0m11:24:54  35 of 43 ERROR unique_dim_customers_customer_id ................................ [[31mERROR[0m in 0.18s]
[2025-04-18T11:24:54.192+0000] {subprocess.py:106} INFO - [0m11:24:54  39 of 43 START test unique_stg_order_items_order_item_id ....................... [RUN]
[2025-04-18T11:24:54.280+0000] {subprocess.py:106} INFO - [0m11:24:54  36 of 43 PASS unique_dim_products_product_id ................................... [[32mPASS[0m in 0.20s]
[2025-04-18T11:24:54.285+0000] {subprocess.py:106} INFO - [0m11:24:54  40 of 43 START test unique_stg_orders_order_id ................................. [RUN]
[2025-04-18T11:24:54.316+0000] {subprocess.py:106} INFO - [0m11:24:54  37 of 43 ERROR unique_dim_stores_store_id ...................................... [[31mERROR[0m in 0.20s]
[2025-04-18T11:24:54.321+0000] {subprocess.py:106} INFO - [0m11:24:54  38 of 43 ERROR unique_stg_customers_customer_id ................................ [[31mERROR[0m in 0.20s]
[2025-04-18T11:24:54.330+0000] {subprocess.py:106} INFO - [0m11:24:54  41 of 43 START test unique_stg_product_categories_product_categories_id ........ [RUN]
[2025-04-18T11:24:54.333+0000] {subprocess.py:106} INFO - [0m11:24:54  42 of 43 START test unique_stg_products_product_id ............................. [RUN]
[2025-04-18T11:24:54.371+0000] {subprocess.py:106} INFO - [0m11:24:54  39 of 43 ERROR unique_stg_order_items_order_item_id ............................ [[31mERROR[0m in 0.17s]
[2025-04-18T11:24:54.395+0000] {subprocess.py:106} INFO - [0m11:24:54  43 of 43 START test unique_stg_stores_store_id ................................. [RUN]
[2025-04-18T11:24:54.481+0000] {subprocess.py:106} INFO - [0m11:24:54  40 of 43 ERROR unique_stg_orders_order_id ...................................... [[31mERROR[0m in 0.19s]
[2025-04-18T11:24:54.526+0000] {subprocess.py:106} INFO - [0m11:24:54  42 of 43 PASS unique_stg_products_product_id ................................... [[32mPASS[0m in 0.19s]
[2025-04-18T11:24:54.541+0000] {subprocess.py:106} INFO - [0m11:24:54  41 of 43 PASS unique_stg_product_categories_product_categories_id .............. [[32mPASS[0m in 0.21s]
[2025-04-18T11:24:54.558+0000] {subprocess.py:106} INFO - [0m11:24:54  43 of 43 ERROR unique_stg_stores_store_id ...................................... [[31mERROR[0m in 0.16s]
[2025-04-18T11:24:54.649+0000] {subprocess.py:106} INFO - [0m11:24:54
[2025-04-18T11:24:54.650+0000] {subprocess.py:106} INFO - [0m11:24:54  Finished running 43 tests in 0 hours 0 minutes and 3.36 seconds (3.36s).
[2025-04-18T11:24:54.698+0000] {subprocess.py:106} INFO - [0m11:24:54
[2025-04-18T11:24:54.699+0000] {subprocess.py:106} INFO - [0m11:24:54  [31mCompleted with 31 errors and 0 warnings:[0m
[2025-04-18T11:24:54.700+0000] {subprocess.py:106} INFO - [0m11:24:54
[2025-04-18T11:24:54.701+0000] {subprocess.py:106} INFO - [0m11:24:54    Database Error in test accepted_values_stg_customers_gender__Male__Female (models/staging/schema_staging.yml)
[2025-04-18T11:24:54.701+0000] {subprocess.py:106} INFO -   relation "commerce_staging.stg_customers" does not exist
[2025-04-18T11:24:54.702+0000] {subprocess.py:106} INFO -   LINE 17:     from "postgres"."commerce_staging"."stg_customers"
[2025-04-18T11:24:54.703+0000] {subprocess.py:106} INFO -                     ^
[2025-04-18T11:24:54.703+0000] {subprocess.py:106} INFO -   compiled Code at target/run/commerce_dbt/models/staging/schema_staging.yml/accepted_values_stg_customers_gender__Male__Female.sql
[2025-04-18T11:24:54.704+0000] {subprocess.py:106} INFO - [0m11:24:54
[2025-04-18T11:24:54.705+0000] {subprocess.py:106} INFO - [0m11:24:54    Database Error in test accepted_values_stg_order_items_quantity__1__2__3__4__5 (models/staging/schema_staging.yml)
[2025-04-18T11:24:54.705+0000] {subprocess.py:106} INFO -   relation "commerce_staging.stg_order_items" does not exist
[2025-04-18T11:24:54.706+0000] {subprocess.py:106} INFO -   LINE 17:     from "postgres"."commerce_staging"."stg_order_items"
[2025-04-18T11:24:54.707+0000] {subprocess.py:106} INFO -                     ^
[2025-04-18T11:24:54.707+0000] {subprocess.py:106} INFO -   compiled Code at target/run/commerce_dbt/models/staging/schema_staging.yml/accepted_values_stg_order_items_quantity__1__2__3__4__5.sql
[2025-04-18T11:24:54.708+0000] {subprocess.py:106} INFO - [0m11:24:54
[2025-04-18T11:24:54.708+0000] {subprocess.py:106} INFO - [0m11:24:54    Database Error in test accepted_values_dim_customers_customer_segment__New__One_time__Regular__Loyal (models/marts/core/schema_core.yml)
[2025-04-18T11:24:54.709+0000] {subprocess.py:106} INFO -   relation "commerce_core.dim_customers" does not exist
[2025-04-18T11:24:54.709+0000] {subprocess.py:106} INFO -   LINE 17:     from "postgres"."commerce_core"."dim_customers"
[2025-04-18T11:24:54.710+0000] {subprocess.py:106} INFO -                     ^
[2025-04-18T11:24:54.710+0000] {subprocess.py:106} INFO -   compiled Code at target/run/commerce_dbt/models/marts/core/schema_core.yml/accepted_values_dim_customers_f832ff7b81ac4a3b9a989c97711a1a86.sql
[2025-04-18T11:24:54.711+0000] {subprocess.py:106} INFO - [0m11:24:54
[2025-04-18T11:24:54.712+0000] {subprocess.py:106} INFO - [0m11:24:54    Database Error in test not_null_customer_orders_order_count (models/marts/business/schema_business.yml)
[2025-04-18T11:24:54.713+0000] {subprocess.py:106} INFO -   relation "commerce_business.customer_orders" does not exist
[2025-04-18T11:24:54.714+0000] {subprocess.py:106} INFO -   LINE 14: from "postgres"."commerce_business"."customer_orders"
[2025-04-18T11:24:54.715+0000] {subprocess.py:106} INFO -                 ^
[2025-04-18T11:24:54.716+0000] {subprocess.py:106} INFO -   compiled Code at target/run/commerce_dbt/models/marts/business/schema_business.yml/not_null_customer_orders_order_count.sql
[2025-04-18T11:24:54.717+0000] {subprocess.py:106} INFO - [0m11:24:54
[2025-04-18T11:24:54.717+0000] {subprocess.py:106} INFO - [0m11:24:54    Database Error in test not_null_customer_orders_customer_id (models/marts/business/schema_business.yml)
[2025-04-18T11:24:54.718+0000] {subprocess.py:106} INFO -   relation "commerce_business.customer_orders" does not exist
[2025-04-18T11:24:54.718+0000] {subprocess.py:106} INFO -   LINE 14: from "postgres"."commerce_business"."customer_orders"
[2025-04-18T11:24:54.719+0000] {subprocess.py:106} INFO -                 ^
[2025-04-18T11:24:54.719+0000] {subprocess.py:106} INFO -   compiled Code at target/run/commerce_dbt/models/marts/business/schema_business.yml/not_null_customer_orders_customer_id.sql
[2025-04-18T11:24:54.720+0000] {subprocess.py:106} INFO - [0m11:24:54
[2025-04-18T11:24:54.720+0000] {subprocess.py:106} INFO - [0m11:24:54    Database Error in test not_null_dim_customers_customer_id (models/marts/core/schema_core.yml)
[2025-04-18T11:24:54.721+0000] {subprocess.py:106} INFO -   relation "commerce_core.dim_customers" does not exist
[2025-04-18T11:24:54.722+0000] {subprocess.py:106} INFO -   LINE 14: from "postgres"."commerce_core"."dim_customers"
[2025-04-18T11:24:54.722+0000] {subprocess.py:106} INFO -                 ^
[2025-04-18T11:24:54.723+0000] {subprocess.py:106} INFO -   compiled Code at target/run/commerce_dbt/models/marts/core/schema_core.yml/not_null_dim_customers_customer_id.sql
[2025-04-18T11:24:54.723+0000] {subprocess.py:106} INFO - [0m11:24:54
[2025-04-18T11:24:54.724+0000] {subprocess.py:106} INFO - [0m11:24:54    Database Error in test not_null_fct_orders_total_price (models/marts/core/schema_core.yml)
[2025-04-18T11:24:54.724+0000] {subprocess.py:106} INFO -   relation "commerce_core.fct_orders" does not exist
[2025-04-18T11:24:54.725+0000] {subprocess.py:106} INFO -   LINE 14: from "postgres"."commerce_core"."fct_orders"
[2025-04-18T11:24:54.726+0000] {subprocess.py:106} INFO -                 ^
[2025-04-18T11:24:54.727+0000] {subprocess.py:106} INFO -   compiled Code at target/run/commerce_dbt/models/marts/core/schema_core.yml/not_null_fct_orders_total_price.sql
[2025-04-18T11:24:54.728+0000] {subprocess.py:106} INFO - [0m11:24:54
[2025-04-18T11:24:54.729+0000] {subprocess.py:106} INFO - [0m11:24:54    Database Error in test not_null_product_sales_product_id (models/marts/business/schema_business.yml)
[2025-04-18T11:24:54.730+0000] {subprocess.py:106} INFO -   relation "commerce_business.product_sales" does not exist
[2025-04-18T11:24:54.731+0000] {subprocess.py:106} INFO -   LINE 14: from "postgres"."commerce_business"."product_sales"
[2025-04-18T11:24:54.731+0000] {subprocess.py:106} INFO -                 ^
[2025-04-18T11:24:54.732+0000] {subprocess.py:106} INFO -   compiled Code at target/run/commerce_dbt/models/marts/business/schema_business.yml/not_null_product_sales_product_id.sql
[2025-04-18T11:24:54.732+0000] {subprocess.py:106} INFO - [0m11:24:54
[2025-04-18T11:24:54.733+0000] {subprocess.py:106} INFO - [0m11:24:54    Database Error in test not_null_dim_stores_store_id (models/marts/core/schema_core.yml)
[2025-04-18T11:24:54.734+0000] {subprocess.py:106} INFO -   relation "commerce_core.dim_stores" does not exist
[2025-04-18T11:24:54.734+0000] {subprocess.py:106} INFO -   LINE 14: from "postgres"."commerce_core"."dim_stores"
[2025-04-18T11:24:54.735+0000] {subprocess.py:106} INFO -                 ^
[2025-04-18T11:24:54.735+0000] {subprocess.py:106} INFO -   compiled Code at target/run/commerce_dbt/models/marts/core/schema_core.yml/not_null_dim_stores_store_id.sql
[2025-04-18T11:24:54.736+0000] {subprocess.py:106} INFO - [0m11:24:54
[2025-04-18T11:24:54.736+0000] {subprocess.py:106} INFO - [0m11:24:54    Database Error in test not_null_product_sales_total_units_sold (models/marts/business/schema_business.yml)
[2025-04-18T11:24:54.737+0000] {subprocess.py:106} INFO -   relation "commerce_business.product_sales" does not exist
[2025-04-18T11:24:54.737+0000] {subprocess.py:106} INFO -   LINE 14: from "postgres"."commerce_business"."product_sales"
[2025-04-18T11:24:54.738+0000] {subprocess.py:106} INFO -                 ^
[2025-04-18T11:24:54.738+0000] {subprocess.py:106} INFO -   compiled Code at target/run/commerce_dbt/models/marts/business/schema_business.yml/not_null_product_sales_total_units_sold.sql
[2025-04-18T11:24:54.739+0000] {subprocess.py:106} INFO - [0m11:24:54
[2025-04-18T11:24:54.739+0000] {subprocess.py:106} INFO - [0m11:24:54    Database Error in test not_null_product_sales_total_revenue (models/marts/business/schema_business.yml)
[2025-04-18T11:24:54.740+0000] {subprocess.py:106} INFO -   relation "commerce_business.product_sales" does not exist
[2025-04-18T11:24:54.740+0000] {subprocess.py:106} INFO -   LINE 14: from "postgres"."commerce_business"."product_sales"
[2025-04-18T11:24:54.741+0000] {subprocess.py:106} INFO -                 ^
[2025-04-18T11:24:54.741+0000] {subprocess.py:106} INFO -   compiled Code at target/run/commerce_dbt/models/marts/business/schema_business.yml/not_null_product_sales_total_revenue.sql
[2025-04-18T11:24:54.742+0000] {subprocess.py:106} INFO - [0m11:24:54
[2025-04-18T11:24:54.743+0000] {subprocess.py:106} INFO - [0m11:24:54    Database Error in test not_null_stg_customers_customer_id (models/staging/schema_staging.yml)
[2025-04-18T11:24:54.743+0000] {subprocess.py:106} INFO -   relation "commerce_staging.stg_customers" does not exist
[2025-04-18T11:24:54.744+0000] {subprocess.py:106} INFO -   LINE 14: from "postgres"."commerce_staging"."stg_customers"
[2025-04-18T11:24:54.744+0000] {subprocess.py:106} INFO -                 ^
[2025-04-18T11:24:54.745+0000] {subprocess.py:106} INFO -   compiled Code at target/run/commerce_dbt/models/staging/schema_staging.yml/not_null_stg_customers_customer_id.sql
[2025-04-18T11:24:54.745+0000] {subprocess.py:106} INFO - [0m11:24:54
[2025-04-18T11:24:54.746+0000] {subprocess.py:106} INFO - [0m11:24:54    Database Error in test not_null_stg_customers_name (models/staging/schema_staging.yml)
[2025-04-18T11:24:54.746+0000] {subprocess.py:106} INFO -   relation "commerce_staging.stg_customers" does not exist
[2025-04-18T11:24:54.747+0000] {subprocess.py:106} INFO -   LINE 14: from "postgres"."commerce_staging"."stg_customers"
[2025-04-18T11:24:54.747+0000] {subprocess.py:106} INFO -                 ^
[2025-04-18T11:24:54.748+0000] {subprocess.py:106} INFO -   compiled Code at target/run/commerce_dbt/models/staging/schema_staging.yml/not_null_stg_customers_name.sql
[2025-04-18T11:24:54.748+0000] {subprocess.py:106} INFO - [0m11:24:54
[2025-04-18T11:24:54.749+0000] {subprocess.py:106} INFO - [0m11:24:54    Database Error in test not_null_stg_orders_order_date (models/staging/schema_staging.yml)
[2025-04-18T11:24:54.749+0000] {subprocess.py:106} INFO -   relation "commerce_staging.stg_orders" does not exist
[2025-04-18T11:24:54.750+0000] {subprocess.py:106} INFO -   LINE 14: from "postgres"."commerce_staging"."stg_orders"
[2025-04-18T11:24:54.750+0000] {subprocess.py:106} INFO -                 ^
[2025-04-18T11:24:54.750+0000] {subprocess.py:106} INFO -   compiled Code at target/run/commerce_dbt/models/staging/schema_staging.yml/not_null_stg_orders_order_date.sql
[2025-04-18T11:24:54.751+0000] {subprocess.py:106} INFO - [0m11:24:54
[2025-04-18T11:24:54.751+0000] {subprocess.py:106} INFO - [0m11:24:54    Database Error in test not_null_stg_order_items_order_item_id (models/staging/schema_staging.yml)
[2025-04-18T11:24:54.752+0000] {subprocess.py:106} INFO -   relation "commerce_staging.stg_order_items" does not exist
[2025-04-18T11:24:54.752+0000] {subprocess.py:106} INFO -   LINE 14: from "postgres"."commerce_staging"."stg_order_items"
[2025-04-18T11:24:54.752+0000] {subprocess.py:106} INFO -                 ^
[2025-04-18T11:24:54.753+0000] {subprocess.py:106} INFO -   compiled Code at target/run/commerce_dbt/models/staging/schema_staging.yml/not_null_stg_order_items_order_item_id.sql
[2025-04-18T11:24:54.753+0000] {subprocess.py:106} INFO - [0m11:24:54
[2025-04-18T11:24:54.754+0000] {subprocess.py:106} INFO - [0m11:24:54    Database Error in test not_null_stg_orders_order_id (models/staging/schema_staging.yml)
[2025-04-18T11:24:54.754+0000] {subprocess.py:106} INFO -   relation "commerce_staging.stg_orders" does not exist
[2025-04-18T11:24:54.754+0000] {subprocess.py:106} INFO -   LINE 14: from "postgres"."commerce_staging"."stg_orders"
[2025-04-18T11:24:54.755+0000] {subprocess.py:106} INFO -                 ^
[2025-04-18T11:24:54.755+0000] {subprocess.py:106} INFO -   compiled Code at target/run/commerce_dbt/models/staging/schema_staging.yml/not_null_stg_orders_order_id.sql
[2025-04-18T11:24:54.756+0000] {subprocess.py:106} INFO - [0m11:24:54
[2025-04-18T11:24:54.756+0000] {subprocess.py:106} INFO - [0m11:24:54    Database Error in test not_null_stg_stores_location (models/staging/schema_staging.yml)
[2025-04-18T11:24:54.757+0000] {subprocess.py:106} INFO -   relation "commerce_staging.stg_stores" does not exist
[2025-04-18T11:24:54.758+0000] {subprocess.py:106} INFO -   LINE 14: from "postgres"."commerce_staging"."stg_stores"
[2025-04-18T11:24:54.759+0000] {subprocess.py:106} INFO -                 ^
[2025-04-18T11:24:54.760+0000] {subprocess.py:106} INFO -   compiled Code at target/run/commerce_dbt/models/staging/schema_staging.yml/not_null_stg_stores_location.sql
[2025-04-18T11:24:54.760+0000] {subprocess.py:106} INFO - [0m11:24:54
[2025-04-18T11:24:54.761+0000] {subprocess.py:106} INFO - [0m11:24:54    Database Error in test not_null_stg_stores_store_id (models/staging/schema_staging.yml)
[2025-04-18T11:24:54.761+0000] {subprocess.py:106} INFO -   relation "commerce_staging.stg_stores" does not exist
[2025-04-18T11:24:54.762+0000] {subprocess.py:106} INFO -   LINE 14: from "postgres"."commerce_staging"."stg_stores"
[2025-04-18T11:24:54.762+0000] {subprocess.py:106} INFO -                 ^
[2025-04-18T11:24:54.763+0000] {subprocess.py:106} INFO -   compiled Code at target/run/commerce_dbt/models/staging/schema_staging.yml/not_null_stg_stores_store_id.sql
[2025-04-18T11:24:54.763+0000] {subprocess.py:106} INFO - [0m11:24:54
[2025-04-18T11:24:54.763+0000] {subprocess.py:106} INFO - [0m11:24:54    Database Error in test relationships_fct_orders_customer_id__customer_id__ref_dim_customers_ (models/marts/core/schema_core.yml)
[2025-04-18T11:24:54.764+0000] {subprocess.py:106} INFO -   relation "commerce_core.fct_orders" does not exist
[2025-04-18T11:24:54.764+0000] {subprocess.py:106} INFO -   LINE 13:     from "postgres"."commerce_core"."fct_orders"
[2025-04-18T11:24:54.764+0000] {subprocess.py:106} INFO -                     ^
[2025-04-18T11:24:54.765+0000] {subprocess.py:106} INFO -   compiled Code at target/run/commerce_dbt/models/marts/core/schema_core.yml/relationships_fct_orders_0c6c6d9e6f30dfb9b653557ebf38e47c.sql
[2025-04-18T11:24:54.765+0000] {subprocess.py:106} INFO - [0m11:24:54
[2025-04-18T11:24:54.766+0000] {subprocess.py:106} INFO - [0m11:24:54    Database Error in test relationships_fct_orders_product_id__product_id__ref_dim_products_ (models/marts/core/schema_core.yml)
[2025-04-18T11:24:54.766+0000] {subprocess.py:106} INFO -   relation "commerce_core.fct_orders" does not exist
[2025-04-18T11:24:54.766+0000] {subprocess.py:106} INFO -   LINE 13:     from "postgres"."commerce_core"."fct_orders"
[2025-04-18T11:24:54.767+0000] {subprocess.py:106} INFO -                     ^
[2025-04-18T11:24:54.767+0000] {subprocess.py:106} INFO -   compiled Code at target/run/commerce_dbt/models/marts/core/schema_core.yml/relationships_fct_orders_9c38234a3e14d5d8021d8505461cf9b4.sql
[2025-04-18T11:24:54.768+0000] {subprocess.py:106} INFO - [0m11:24:54
[2025-04-18T11:24:54.768+0000] {subprocess.py:106} INFO - [0m11:24:54    Database Error in test relationships_stg_order_items_product_id__product_id__ref_stg_products_ (models/staging/schema_staging.yml)
[2025-04-18T11:24:54.769+0000] {subprocess.py:106} INFO -   relation "commerce_staging.stg_order_items" does not exist
[2025-04-18T11:24:54.769+0000] {subprocess.py:106} INFO -   LINE 13:     from "postgres"."commerce_staging"."stg_order_items"
[2025-04-18T11:24:54.770+0000] {subprocess.py:106} INFO -                     ^
[2025-04-18T11:24:54.770+0000] {subprocess.py:106} INFO -   compiled Code at target/run/commerce_dbt/models/staging/schema_staging.yml/relationships_stg_order_items_85fcc371bcae46211ede4a7fca07283f.sql
[2025-04-18T11:24:54.771+0000] {subprocess.py:106} INFO - [0m11:24:54
[2025-04-18T11:24:54.771+0000] {subprocess.py:106} INFO - [0m11:24:54    Database Error in test relationships_stg_order_items_order_id__order_id__ref_stg_orders_ (models/staging/schema_staging.yml)
[2025-04-18T11:24:54.772+0000] {subprocess.py:106} INFO -   relation "commerce_staging.stg_order_items" does not exist
[2025-04-18T11:24:54.772+0000] {subprocess.py:106} INFO -   LINE 13:     from "postgres"."commerce_staging"."stg_order_items"
[2025-04-18T11:24:54.772+0000] {subprocess.py:106} INFO -                     ^
[2025-04-18T11:24:54.773+0000] {subprocess.py:106} INFO -   compiled Code at target/run/commerce_dbt/models/staging/schema_staging.yml/relationships_stg_order_items_b3d7cdbd08ebfad01e3226c01c10bba0.sql
[2025-04-18T11:24:54.774+0000] {subprocess.py:106} INFO - [0m11:24:54
[2025-04-18T11:24:54.775+0000] {subprocess.py:106} INFO - [0m11:24:54    Database Error in test relationships_fct_orders_store_id__store_id__ref_dim_stores_ (models/marts/core/schema_core.yml)
[2025-04-18T11:24:54.775+0000] {subprocess.py:106} INFO -   relation "commerce_core.fct_orders" does not exist
[2025-04-18T11:24:54.776+0000] {subprocess.py:106} INFO -   LINE 13:     from "postgres"."commerce_core"."fct_orders"
[2025-04-18T11:24:54.776+0000] {subprocess.py:106} INFO -                     ^
[2025-04-18T11:24:54.777+0000] {subprocess.py:106} INFO -   compiled Code at target/run/commerce_dbt/models/marts/core/schema_core.yml/relationships_fct_orders_store_id__store_id__ref_dim_stores_.sql
[2025-04-18T11:24:54.777+0000] {subprocess.py:106} INFO - [0m11:24:54
[2025-04-18T11:24:54.778+0000] {subprocess.py:106} INFO - [0m11:24:54    Database Error in test relationships_stg_orders_store_id__store_id__ref_stg_stores_ (models/staging/schema_staging.yml)
[2025-04-18T11:24:54.778+0000] {subprocess.py:106} INFO -   relation "commerce_staging.stg_orders" does not exist
[2025-04-18T11:24:54.779+0000] {subprocess.py:106} INFO -   LINE 13:     from "postgres"."commerce_staging"."stg_orders"
[2025-04-18T11:24:54.779+0000] {subprocess.py:106} INFO -                     ^
[2025-04-18T11:24:54.780+0000] {subprocess.py:106} INFO -   compiled Code at target/run/commerce_dbt/models/staging/schema_staging.yml/relationships_stg_orders_store_id__store_id__ref_stg_stores_.sql
[2025-04-18T11:24:54.780+0000] {subprocess.py:106} INFO - [0m11:24:54
[2025-04-18T11:24:54.781+0000] {subprocess.py:106} INFO - [0m11:24:54    Database Error in test relationships_stg_orders_customer_id__customer_id__ref_stg_customers_ (models/staging/schema_staging.yml)
[2025-04-18T11:24:54.781+0000] {subprocess.py:106} INFO -   relation "commerce_staging.stg_orders" does not exist
[2025-04-18T11:24:54.782+0000] {subprocess.py:106} INFO -   LINE 13:     from "postgres"."commerce_staging"."stg_orders"
[2025-04-18T11:24:54.782+0000] {subprocess.py:106} INFO -                     ^
[2025-04-18T11:24:54.783+0000] {subprocess.py:106} INFO -   compiled Code at target/run/commerce_dbt/models/staging/schema_staging.yml/relationships_stg_orders_96411fe0c89b49c3f4da955dfd358ba0.sql
[2025-04-18T11:24:54.783+0000] {subprocess.py:106} INFO - [0m11:24:54
[2025-04-18T11:24:54.784+0000] {subprocess.py:106} INFO - [0m11:24:54    Database Error in test unique_dim_customers_customer_id (models/marts/core/schema_core.yml)
[2025-04-18T11:24:54.785+0000] {subprocess.py:106} INFO -   relation "commerce_core.dim_customers" does not exist
[2025-04-18T11:24:54.785+0000] {subprocess.py:106} INFO -   LINE 15: from "postgres"."commerce_core"."dim_customers"
[2025-04-18T11:24:54.786+0000] {subprocess.py:106} INFO -                 ^
[2025-04-18T11:24:54.786+0000] {subprocess.py:106} INFO -   compiled Code at target/run/commerce_dbt/models/marts/core/schema_core.yml/unique_dim_customers_customer_id.sql
[2025-04-18T11:24:54.787+0000] {subprocess.py:106} INFO - [0m11:24:54
[2025-04-18T11:24:54.787+0000] {subprocess.py:106} INFO - [0m11:24:54    Database Error in test unique_dim_stores_store_id (models/marts/core/schema_core.yml)
[2025-04-18T11:24:54.788+0000] {subprocess.py:106} INFO -   relation "commerce_core.dim_stores" does not exist
[2025-04-18T11:24:54.788+0000] {subprocess.py:106} INFO -   LINE 15: from "postgres"."commerce_core"."dim_stores"
[2025-04-18T11:24:54.789+0000] {subprocess.py:106} INFO -                 ^
[2025-04-18T11:24:54.790+0000] {subprocess.py:106} INFO -   compiled Code at target/run/commerce_dbt/models/marts/core/schema_core.yml/unique_dim_stores_store_id.sql
[2025-04-18T11:24:54.790+0000] {subprocess.py:106} INFO - [0m11:24:54
[2025-04-18T11:24:54.791+0000] {subprocess.py:106} INFO - [0m11:24:54    Database Error in test unique_stg_customers_customer_id (models/staging/schema_staging.yml)
[2025-04-18T11:24:54.791+0000] {subprocess.py:106} INFO -   relation "commerce_staging.stg_customers" does not exist
[2025-04-18T11:24:54.792+0000] {subprocess.py:106} INFO -   LINE 15: from "postgres"."commerce_staging"."stg_customers"
[2025-04-18T11:24:54.793+0000] {subprocess.py:106} INFO -                 ^
[2025-04-18T11:24:54.794+0000] {subprocess.py:106} INFO -   compiled Code at target/run/commerce_dbt/models/staging/schema_staging.yml/unique_stg_customers_customer_id.sql
[2025-04-18T11:24:54.794+0000] {subprocess.py:106} INFO - [0m11:24:54
[2025-04-18T11:24:54.795+0000] {subprocess.py:106} INFO - [0m11:24:54    Database Error in test unique_stg_order_items_order_item_id (models/staging/schema_staging.yml)
[2025-04-18T11:24:54.796+0000] {subprocess.py:106} INFO -   relation "commerce_staging.stg_order_items" does not exist
[2025-04-18T11:24:54.797+0000] {subprocess.py:106} INFO -   LINE 15: from "postgres"."commerce_staging"."stg_order_items"
[2025-04-18T11:24:54.797+0000] {subprocess.py:106} INFO -                 ^
[2025-04-18T11:24:54.799+0000] {subprocess.py:106} INFO -   compiled Code at target/run/commerce_dbt/models/staging/schema_staging.yml/unique_stg_order_items_order_item_id.sql
[2025-04-18T11:24:54.799+0000] {subprocess.py:106} INFO - [0m11:24:54
[2025-04-18T11:24:54.800+0000] {subprocess.py:106} INFO - [0m11:24:54    Database Error in test unique_stg_orders_order_id (models/staging/schema_staging.yml)
[2025-04-18T11:24:54.800+0000] {subprocess.py:106} INFO -   relation "commerce_staging.stg_orders" does not exist
[2025-04-18T11:24:54.800+0000] {subprocess.py:106} INFO -   LINE 15: from "postgres"."commerce_staging"."stg_orders"
[2025-04-18T11:24:54.801+0000] {subprocess.py:106} INFO -                 ^
[2025-04-18T11:24:54.801+0000] {subprocess.py:106} INFO -   compiled Code at target/run/commerce_dbt/models/staging/schema_staging.yml/unique_stg_orders_order_id.sql
[2025-04-18T11:24:54.802+0000] {subprocess.py:106} INFO - [0m11:24:54
[2025-04-18T11:24:54.802+0000] {subprocess.py:106} INFO - [0m11:24:54    Database Error in test unique_stg_stores_store_id (models/staging/schema_staging.yml)
[2025-04-18T11:24:54.803+0000] {subprocess.py:106} INFO -   relation "commerce_staging.stg_stores" does not exist
[2025-04-18T11:24:54.803+0000] {subprocess.py:106} INFO -   LINE 15: from "postgres"."commerce_staging"."stg_stores"
[2025-04-18T11:24:54.803+0000] {subprocess.py:106} INFO -                 ^
[2025-04-18T11:24:54.804+0000] {subprocess.py:106} INFO -   compiled Code at target/run/commerce_dbt/models/staging/schema_staging.yml/unique_stg_stores_store_id.sql
[2025-04-18T11:24:54.804+0000] {subprocess.py:106} INFO - [0m11:24:54
[2025-04-18T11:24:54.805+0000] {subprocess.py:106} INFO - [0m11:24:54  Done. PASS=12 WARN=0 ERROR=31 SKIP=0 TOTAL=43
[2025-04-18T11:24:55.696+0000] {subprocess.py:110} INFO - Command exited with return code 1
[2025-04-18T11:24:55.771+0000] {taskinstance.py:3313} ERROR - Task failed with exception
Traceback (most recent call last):
  File "/home/airflow/.local/lib/python3.12/site-packages/airflow/models/taskinstance.py", line 768, in _execute_task
    result = _execute_callable(context=context, **execute_callable_kwargs)
             ^^^^^^^^^^^^^^^^^^^^^^^^^^^^^^^^^^^^^^^^^^^^^^^^^^^^^^^^^^^^^
  File "/home/airflow/.local/lib/python3.12/site-packages/airflow/models/taskinstance.py", line 734, in _execute_callable
    return ExecutionCallableRunner(
           ^^^^^^^^^^^^^^^^^^^^^^^^
  File "/home/airflow/.local/lib/python3.12/site-packages/airflow/utils/operator_helpers.py", line 252, in run
    return self.func(*args, **kwargs)
           ^^^^^^^^^^^^^^^^^^^^^^^^^^
  File "/home/airflow/.local/lib/python3.12/site-packages/airflow/models/baseoperator.py", line 424, in wrapper
    return func(self, *args, **kwargs)
           ^^^^^^^^^^^^^^^^^^^^^^^^^^^
  File "/home/airflow/.local/lib/python3.12/site-packages/airflow/operators/bash.py", line 276, in execute
    raise AirflowException(
airflow.exceptions.AirflowException: Bash command failed. The command returned a non-zero exit code 1.
[2025-04-18T11:24:55.778+0000] {taskinstance.py:1226} INFO - Marking task as FAILED. dag_id=dbt_etl_pipeline_test, task_id=dbt_test, run_id=manual__2025-04-18T11:24:44.957374+00:00, execution_date=20250418T112444, start_date=20250418T112446, end_date=20250418T112455
[2025-04-18T11:24:55.934+0000] {taskinstance.py:341} INFO - ::group::Post task execution logs
[2025-04-18T11:24:55.935+0000] {standard_task_runner.py:124} ERROR - Failed to execute job 102 for task dbt_test (Bash command failed. The command returned a non-zero exit code 1.; 523)
Traceback (most recent call last):
  File "/home/airflow/.local/lib/python3.12/site-packages/airflow/task/task_runner/standard_task_runner.py", line 117, in _start_by_fork
    ret = args.func(args, dag=self.dag)
          ^^^^^^^^^^^^^^^^^^^^^^^^^^^^^
  File "/home/airflow/.local/lib/python3.12/site-packages/airflow/cli/cli_config.py", line 49, in command
    return func(*args, **kwargs)
           ^^^^^^^^^^^^^^^^^^^^^
  File "/home/airflow/.local/lib/python3.12/site-packages/airflow/utils/cli.py", line 116, in wrapper
    return f(*args, **kwargs)
           ^^^^^^^^^^^^^^^^^^
  File "/home/airflow/.local/lib/python3.12/site-packages/airflow/cli/commands/task_command.py", line 483, in task_run
    task_return_code = _run_task_by_selected_method(args, _dag, ti)
                       ^^^^^^^^^^^^^^^^^^^^^^^^^^^^^^^^^^^^^^^^^^^^
  File "/home/airflow/.local/lib/python3.12/site-packages/airflow/cli/commands/task_command.py", line 256, in _run_task_by_selected_method
    return _run_raw_task(args, ti)
           ^^^^^^^^^^^^^^^^^^^^^^^
  File "/home/airflow/.local/lib/python3.12/site-packages/airflow/cli/commands/task_command.py", line 341, in _run_raw_task
    return ti._run_raw_task(
           ^^^^^^^^^^^^^^^^^
  File "/home/airflow/.local/lib/python3.12/site-packages/airflow/utils/session.py", line 97, in wrapper
    return func(*args, session=session, **kwargs)
           ^^^^^^^^^^^^^^^^^^^^^^^^^^^^^^^^^^^^^^
  File "/home/airflow/.local/lib/python3.12/site-packages/airflow/models/taskinstance.py", line 3006, in _run_raw_task
    return _run_raw_task(
           ^^^^^^^^^^^^^^
  File "/home/airflow/.local/lib/python3.12/site-packages/airflow/models/taskinstance.py", line 274, in _run_raw_task
    TaskInstance._execute_task_with_callbacks(
  File "/home/airflow/.local/lib/python3.12/site-packages/airflow/models/taskinstance.py", line 3161, in _execute_task_with_callbacks
    result = self._execute_task(context, task_orig)
             ^^^^^^^^^^^^^^^^^^^^^^^^^^^^^^^^^^^^^^
  File "/home/airflow/.local/lib/python3.12/site-packages/airflow/models/taskinstance.py", line 3185, in _execute_task
    return _execute_task(self, context, task_orig)
           ^^^^^^^^^^^^^^^^^^^^^^^^^^^^^^^^^^^^^^^
  File "/home/airflow/.local/lib/python3.12/site-packages/airflow/models/taskinstance.py", line 768, in _execute_task
    result = _execute_callable(context=context, **execute_callable_kwargs)
             ^^^^^^^^^^^^^^^^^^^^^^^^^^^^^^^^^^^^^^^^^^^^^^^^^^^^^^^^^^^^^
  File "/home/airflow/.local/lib/python3.12/site-packages/airflow/models/taskinstance.py", line 734, in _execute_callable
    return ExecutionCallableRunner(
           ^^^^^^^^^^^^^^^^^^^^^^^^
  File "/home/airflow/.local/lib/python3.12/site-packages/airflow/utils/operator_helpers.py", line 252, in run
    return self.func(*args, **kwargs)
           ^^^^^^^^^^^^^^^^^^^^^^^^^^
  File "/home/airflow/.local/lib/python3.12/site-packages/airflow/models/baseoperator.py", line 424, in wrapper
    return func(self, *args, **kwargs)
           ^^^^^^^^^^^^^^^^^^^^^^^^^^^
  File "/home/airflow/.local/lib/python3.12/site-packages/airflow/operators/bash.py", line 276, in execute
    raise AirflowException(
airflow.exceptions.AirflowException: Bash command failed. The command returned a non-zero exit code 1.
[2025-04-18T11:24:55.961+0000] {local_task_job_runner.py:266} INFO - Task exited with return code 1
[2025-04-18T11:24:56.039+0000] {taskinstance.py:3901} INFO - 0 downstream tasks scheduled from follow-on schedule check
[2025-04-18T11:24:56.043+0000] {local_task_job_runner.py:245} INFO - ::endgroup::
